<?xml version="1.0" encoding="utf-8"?><testsuites name="pytest tests"><testsuite name="pytest" errors="0" failures="0" skipped="0" tests="24" time="8.068" timestamp="2026-06-15T13:55:36.248082+00:00" hostname="agent-env-502dfeb4-c86c-42f6-9936-e65e3898fb18"><testcase classname="backend.tests.test_phase2.TestContent" name="test_list_content_blocks" time="0.157" /><testcase classname="backend.tests.test_phase2.TestContent" name="test_get_hero_block" time="0.096" /><testcase classname="backend.tests.test_phase2.TestContent" name="test_update_hero_requires_admin" time="0.119" /><testcase classname="backend.tests.test_phase2.TestContent" name="test_update_hero_admin" time="0.738" /><testcase classname="backend.tests.test_phase2.TestMedia" name="test_media_requires_admin" time="0.094" /><testcase classname="backend.tests.test_phase2.TestMedia" name="test_media_upload_list_patch_delete" time="0.491" /><testcase classname="backend.tests.test_phase2.TestMedia" name="test_bulk_upload" time="0.829" /><testcase classname="backend.tests.test_phase2.TestCustomerAuth" name="test_signup_and_me" time="0.430" /><testcase classname="backend.tests.test_phase2.TestCustomerAuth" name="test_signup_duplicate_email" time="0.105" /><testcase classname="backend.tests.test_phase2.TestCustomerAuth" name="test_customer_login" time="0.335" /><testcase classname="backend.tests.test_phase2.TestCustomerAuth" name="test_admin_cannot_login_as_customer" time="0.100" /><testcase classname="backend.tests.test_phase2.TestCustomerAuth" name="test_customer_orders_empty_initially" time="0.106" /><testcase classname="backend.tests.test_phase2.TestCoupons" name="test_create_requires_admin" time="0.094" /><testcase classname="backend.tests.test_phase2.TestCoupons" name="test_validate_coupon" time="0.852" /><testcase classname="backend.tests.test_phase2.TestCoupons" name="test_validate_unknown_coupon" time="0.098" /><testcase classname="backend.tests.test_phase2.TestCoupons" name="test_lowercase_code_normalized" time="0.199" /><testcase classname="backend.tests.test_phase2.TestReviews" name="test_review_requires_auth" time="0.204" /><testcase classname="backend.tests.test_phase2.TestReviews" name="test_create_and_update_review_is_idempotent" time="0.592" /><testcase classname="backend.tests.test_phase2.TestPaymentInstructions" name="test_update_payment_instructions" time="0.566" /><testcase classname="backend.tests.test_phase2.TestOrdersPhase2" name="test_order_decrements_inventory" time="0.498" /><testcase classname="backend.tests.test_phase2.TestOrdersPhase2" name="test_order_with_coupon" time="0.436" /><testcase classname="backend.tests.test_phase2.TestOrdersPhase2" name="test_easypaisa_order_pending" time="0.228" /><testcase classname="backend.tests.test_phase2.TestOrdersPhase2" name="test_payment_patch_requires_admin" time="0.205" /><testcase classname="backend.tests.test_phase2.TestOrdersPhase2" name="test_customer_order_appears_in_customer_orders" time="0.424" /></testsuite></testsuites>