<?xml version="1.0" encoding="utf-8"?><testsuites name="pytest tests"><testsuite name="pytest" errors="0" failures="0" skipped="0" tests="17" time="4.719" timestamp="2026-06-15T13:03:53.303852+00:00" hostname="agent-env-502dfeb4-c86c-42f6-9936-e65e3898fb18"><testcase classname="backend.tests.backend_test.TestAuth" name="test_login_invalid" time="0.445" /><testcase classname="backend.tests.backend_test.TestAuth" name="test_me_requires_auth" time="0.149" /><testcase classname="backend.tests.backend_test.TestAuth" name="test_me_with_bearer" time="0.475" /><testcase classname="backend.tests.backend_test.TestProductsPublic" name="test_list_products" time="0.152" /><testcase classname="backend.tests.backend_test.TestProductsPublic" name="test_list_products_section_filter" time="0.107" /><testcase classname="backend.tests.backend_test.TestProductsPublic" name="test_get_product_by_slug" time="0.193" /><testcase classname="backend.tests.backend_test.TestProductsPublic" name="test_get_product_not_found" time="0.092" /><testcase classname="backend.tests.backend_test.TestCategories" name="test_list_categories" time="0.110" /><testcase classname="backend.tests.backend_test.TestCategories" name="test_create_and_delete_category_admin" time="0.315" /><testcase classname="backend.tests.backend_test.TestSettings" name="test_get_settings" time="0.130" /><testcase classname="backend.tests.backend_test.TestSettings" name="test_update_settings_toggle_payment" time="0.429" /><testcase classname="backend.tests.backend_test.TestUpload" name="test_upload_requires_admin" time="0.098" /><testcase classname="backend.tests.backend_test.TestUpload" name="test_upload_and_fetch" time="0.234" /><testcase classname="backend.tests.backend_test.TestProductsAdmin" name="test_create_update_delete_product" time="0.641" /><testcase classname="backend.tests.backend_test.TestOrders" name="test_create_cod_order_success" time="0.498" /><testcase classname="backend.tests.backend_test.TestOrders" name="test_create_order_rejects_disabled_method" time="0.326" /><testcase classname="backend.tests.backend_test.TestOrders" name="test_orders_admin_only" time="0.104" /></testsuite></testsuites>